<?xml version="1.0" encoding="UTF-8"?>
<testsuite name="org.gradle.Fechatest" tests="4" skipped="0" failures="0" errors="0" timestamp="2018-06-16T20:33:21" hostname="Bruxita" time="0.007">
  <properties/>
  <testcase name="test_getFechaActual" classname="org.gradle.Fechatest" time="0.006"/>
  <testcase name="test_nombre_mes" classname="org.gradle.Fechatest" time="0.0"/>
  <testcase name="test_numero_mes" classname="org.gradle.Fechatest" time="0.0"/>
  <testcase name="test_get_mesactual" classname="org.gradle.Fechatest" time="0.0"/>
  <system-out><![CDATA[]]></system-out>
  <system-err><![CDATA[]]></system-err>
</testsuite>
